{"/Users/billie/Documents/Auguste/Lap-2/lap2-project/Lap2_project_client/static/js/fetchFunctions.js": {"path":"/Users/billie/Documents/Auguste/Lap-2/lap2-project/Lap2_project_client/static/js/fetchFunctions.js","statementMap":{"0":{"start":{"line":2,"column":19},"end":{"line":2,"column":63}},"1":{"start":{"line":5,"column":4},"end":{"line":13,"column":5}},"2":{"start":{"line":6,"column":18},"end":{"line":6,"column":55}},"3":{"start":{"line":7,"column":25},"end":{"line":7,"column":41}},"4":{"start":{"line":8,"column":21},"end":{"line":8,"column":42}},"5":{"start":{"line":9,"column":8},"end":{"line":9,"column":19}},"6":{"start":{"line":12,"column":8},"end":{"line":12,"column":38}},"7":{"start":{"line":27,"column":4},"end":{"line":37,"column":5}},"8":{"start":{"line":28,"column":18},"end":{"line":28,"column":51}},"9":{"start":{"line":29,"column":25},"end":{"line":31,"column":10}},"10":{"start":{"line":32,"column":21},"end":{"line":32,"column":42}},"11":{"start":{"line":33,"column":8},"end":{"line":33,"column":34}},"12":{"start":{"line":36,"column":8},"end":{"line":36,"column":38}},"13":{"start":{"line":44,"column":4},"end":{"line":66,"column":5}},"14":{"start":{"line":45,"column":18},"end":{"line":45,"column":44}},"15":{"start":{"line":46,"column":26},"end":{"line":52,"column":9}},"16":{"start":{"line":53,"column":25},"end":{"line":59,"column":12}},"17":{"start":{"line":60,"column":21},"end":{"line":60,"column":42}},"18":{"start":{"line":61,"column":8},"end":{"line":61,"column":25}},"19":{"start":{"line":62,"column":8},"end":{"line":62,"column":19}},"20":{"start":{"line":65,"column":8},"end":{"line":65,"column":38}},"21":{"start":{"line":79,"column":4},"end":{"line":98,"column":5}},"22":{"start":{"line":80,"column":18},"end":{"line":80,"column":51}},"23":{"start":{"line":81,"column":26},"end":{"line":84,"column":9}},"24":{"start":{"line":85,"column":25},"end":{"line":91,"column":12}},"25":{"start":{"line":92,"column":21},"end":{"line":92,"column":42}},"26":{"start":{"line":93,"column":8},"end":{"line":93,"column":25}},"27":{"start":{"line":94,"column":8},"end":{"line":94,"column":19}},"28":{"start":{"line":97,"column":8},"end":{"line":97,"column":38}},"29":{"start":{"line":108,"column":4},"end":{"line":126,"column":5}},"30":{"start":{"line":109,"column":18},"end":{"line":109,"column":47}},"31":{"start":{"line":110,"column":26},"end":{"line":113,"column":9}},"32":{"start":{"line":114,"column":25},"end":{"line":120,"column":12}},"33":{"start":{"line":121,"column":21},"end":{"line":121,"column":42}},"34":{"start":{"line":122,"column":8},"end":{"line":122,"column":19}},"35":{"start":{"line":125,"column":8},"end":{"line":125,"column":38}},"36":{"start":{"line":141,"column":4},"end":{"line":167,"column":5}},"37":{"start":{"line":142,"column":18},"end":{"line":142,"column":44}},"38":{"start":{"line":143,"column":26},"end":{"line":146,"column":9}},"39":{"start":{"line":147,"column":25},"end":{"line":153,"column":12}},"40":{"start":{"line":154,"column":21},"end":{"line":154,"column":42}},"41":{"start":{"line":156,"column":8},"end":{"line":156,"column":32}},"42":{"start":{"line":158,"column":8},"end":{"line":158,"column":52}},"43":{"start":{"line":159,"column":8},"end":{"line":159,"column":56}},"44":{"start":{"line":161,"column":8},"end":{"line":161,"column":35}},"45":{"start":{"line":163,"column":8},"end":{"line":163,"column":19}},"46":{"start":{"line":166,"column":8},"end":{"line":166,"column":38}},"47":{"start":{"line":180,"column":0},"end":{"line":180,"column":117}}},"fnMap":{"0":{"name":"fetchGetHabitsByUser","decl":{"start":{"line":4,"column":15},"end":{"line":4,"column":35}},"loc":{"start":{"line":4,"column":43},"end":{"line":14,"column":1}},"line":4},"1":{"name":"fetchDeleteHabit","decl":{"start":{"line":26,"column":15},"end":{"line":26,"column":31}},"loc":{"start":{"line":26,"column":40},"end":{"line":38,"column":1}},"line":26},"2":{"name":"fetchCreateHabit","decl":{"start":{"line":43,"column":15},"end":{"line":43,"column":31}},"loc":{"start":{"line":43,"column":69},"end":{"line":67,"column":1}},"line":43},"3":{"name":"fetchPatchHabit","decl":{"start":{"line":78,"column":15},"end":{"line":78,"column":30}},"loc":{"start":{"line":78,"column":48},"end":{"line":99,"column":1}},"line":78},"4":{"name":"fetchCreateUser","decl":{"start":{"line":107,"column":15},"end":{"line":107,"column":30}},"loc":{"start":{"line":107,"column":50},"end":{"line":127,"column":1}},"line":107},"5":{"name":"fetchLogin","decl":{"start":{"line":140,"column":15},"end":{"line":140,"column":25}},"loc":{"start":{"line":140,"column":45},"end":{"line":168,"column":1}},"line":140}},"branchMap":{},"s":{"0":1,"1":1,"2":1,"3":1,"4":1,"5":1,"6":0,"7":1,"8":1,"9":1,"10":1,"11":1,"12":0,"13":1,"14":1,"15":1,"16":1,"17":1,"18":1,"19":1,"20":0,"21":1,"22":1,"23":1,"24":1,"25":1,"26":1,"27":1,"28":0,"29":0,"30":0,"31":0,"32":0,"33":0,"34":0,"35":0,"36":0,"37":0,"38":0,"39":0,"40":0,"41":0,"42":0,"43":0,"44":0,"45":0,"46":0,"47":1},"f":{"0":1,"1":1,"2":1,"3":1,"4":0,"5":0},"b":{},"_coverageSchema":"1a1c01bbd47fc00a2c39e90264f33305004495a9","hash":"76e660b5c9b4122492e154322b1b3de6dae14b12"}
,"/Users/billie/Documents/Auguste/Lap-2/lap2-project/Lap2_project_client/test/helpers.js": {"path":"/Users/billie/Documents/Auguste/Lap-2/lap2-project/Lap2_project_client/test/helpers.js","statementMap":{"0":{"start":{"line":1,"column":13},"end":{"line":1,"column":28}},"1":{"start":{"line":2,"column":14},"end":{"line":2,"column":30}},"2":{"start":{"line":3,"column":16},"end":{"line":3,"column":21}},"3":{"start":{"line":5,"column":18},"end":{"line":19,"column":1}},"4":{"start":{"line":7,"column":18},"end":{"line":7,"column":52}},"5":{"start":{"line":8,"column":13},"end":{"line":11,"column":3}},"6":{"start":{"line":14,"column":1},"end":{"line":18,"column":3}},"7":{"start":{"line":15,"column":2},"end":{"line":17,"column":4}},"8":{"start":{"line":16,"column":3},"end":{"line":16,"column":15}},"9":{"start":{"line":21,"column":0},"end":{"line":21,"column":26}}},"fnMap":{"0":{"name":"(anonymous_0)","decl":{"start":{"line":5,"column":18},"end":{"line":5,"column":19}},"loc":{"start":{"line":5,"column":36},"end":{"line":19,"column":1}},"line":5},"1":{"name":"(anonymous_1)","decl":{"start":{"line":14,"column":20},"end":{"line":14,"column":21}},"loc":{"start":{"line":14,"column":40},"end":{"line":18,"column":2}},"line":14},"2":{"name":"(anonymous_2)","decl":{"start":{"line":15,"column":59},"end":{"line":15,"column":60}},"loc":{"start":{"line":15,"column":63},"end":{"line":17,"column":3}},"line":15}},"branchMap":{},"s":{"0":1,"1":1,"2":1,"3":1,"4":4,"5":4,"6":4,"7":4,"8":4,"9":1},"f":{"0":4,"1":4,"2":4},"b":{},"_coverageSchema":"1a1c01bbd47fc00a2c39e90264f33305004495a9","hash":"8bb20bb9c25c3dc3cf93d2e8c4cefbc4b4994f07"}
}
