TN:
SF:static/js/fetchFunctions.js
FN:4,fetchGetHabitsByUser
FN:26,fetchDeleteHabit
FN:43,fetchCreateHabit
FN:78,fetchPatchHabit
FN:107,fetchCreateUser
FN:140,fetchLogin
FNF:6
FNH:6
FNDA:1,fetchGetHabitsByUser
FNDA:1,fetchDeleteHabit
FNDA:1,fetchCreateHabit
FNDA:1,fetchPatchHabit
FNDA:1,fetchCreateUser
FNDA:1,fetchLogin
DA:2,1
DA:5,1
DA:6,1
DA:7,1
DA:8,1
DA:9,1
DA:12,0
DA:27,1
DA:28,1
DA:29,1
DA:32,1
DA:33,1
DA:36,0
DA:44,1
DA:45,1
DA:46,1
DA:53,1
DA:60,1
DA:61,1
DA:62,1
DA:65,0
DA:79,1
DA:80,1
DA:81,1
DA:85,1
DA:92,1
DA:93,1
DA:94,1
DA:97,0
DA:108,1
DA:109,1
DA:110,1
DA:114,1
DA:121,1
DA:122,1
DA:125,0
DA:141,1
DA:142,1
DA:143,1
DA:147,1
DA:154,1
DA:156,0
DA:158,0
DA:159,0
DA:161,0
DA:163,0
DA:166,1
DA:180,1
LF:48
LH:38
BRF:0
BRH:0
end_of_record
TN:
SF:test/helpers.js
FN:5,(anonymous_0)
FN:14,(anonymous_1)
FN:15,(anonymous_2)
FNF:3
FNH:3
FNDA:4,(anonymous_0)
FNDA:4,(anonymous_1)
FNDA:4,(anonymous_2)
DA:1,1
DA:2,1
DA:3,1
DA:5,1
DA:7,4
DA:8,4
DA:14,4
DA:15,4
DA:16,4
DA:21,1
LF:10
LH:10
BRF:0
BRH:0
end_of_record
